0 info it worked if it ends with ok
1 verbose cli [ 'E:\\nodejs\\node.exe',
1 verbose cli   'E:\\nodejs\\node_modules\\npm\\bin\\npm-cli.js',
1 verbose cli   'start' ]
2 info using npm@3.10.10
3 info using node@v6.10.2
4 verbose run-script [ 'prestart', 'start', 'poststart' ]
5 info lifecycle 06@1.0.0~prestart: 06@1.0.0
6 silly lifecycle 06@1.0.0~prestart: no script for prestart, continuing
7 info lifecycle 06@1.0.0~start: 06@1.0.0
8 verbose lifecycle 06@1.0.0~start: unsafe-perm in lifecycle true
9 verbose lifecycle 06@1.0.0~start: PATH: E:\nodejs\node_modules\npm\bin\node-gyp-bin;E:\Egyetem\Programrendszerek fejlesztése\ForumRPG\ForumRPG\src\node_modules\.bin;C:\Program Files (x86)\AMD APP\bin\x86_64;C:\Program Files (x86)\AMD APP\bin\x86;C:\Program Files (x86)\NVIDIA Corporation\PhysX\Common;E:\oraclexe\app\oracle\product\11.2.0\server\bin;C:\ProgramData\Oracle\Java\javapath;C:\Program Files (x86)\Intel\iCLS Client\;C:\Program Files\Intel\iCLS Client\;C:\Windows\system32;C:\Windows;C:\Windows\System32\Wbem;C:\Windows\System32\WindowsPowerShell\v1.0\;C:\Program Files (x86)\ATI Technologies\ATI.ACE\Core-Static;C:\Program Files\Intel\Intel(R) Management Engine Components\DAL;C:\Program Files\Intel\Intel(R) Management Engine Components\IPT;C:\Program Files (x86)\Intel\Intel(R) Management Engine Components\DAL;C:\Program Files (x86)\Intel\Intel(R) Management Engine Components\IPT;C:\Program Files\Microsoft SQL Server\110\Tools\Binn\;C:\Program Files (x86)\Java\jdk1.7.0_45\bin;C:\Program Files (x86)\Windows Kits\8.1\Windows Performance Toolkit\;E:\MATLAB\R2016a\runtime\win64;E:\MATLAB\R2016a\bin;E:\MATLAB\R2014a\runtime\win64;E:\MATLAB\R2014a\bin;E:\MATLAB\R2014a\polyspace\bin;C:\Program Files (x86)\Microsoft SQL Server\110\Tools\Binn\ManagementStudio\;C:\Program Files (x86)\Microsoft SQL Server\110\Tools\Binn\;C:\Program Files (x86)\Microsoft SQL Server\110\DTS\Binn\;C:\Program Files\Microsoft SQL Server\110\DTS\Binn\;C:\Program Files\Microsoft SQL Server\120\Tools\Binn\;C:\Program Files\Microsoft SQL Server\Client SDK\ODBC\110\Tools\Binn\;C:\Program Files (x86)\Microsoft SQL Server\120\Tools\Binn\ManagementStudio\;C:\Program Files (x86)\Microsoft SQL Server\120\Tools\Binn\;C:\Program Files (x86)\Microsoft SQL Server\120\DTS\Binn\;C:\Program Files\Microsoft SQL Server\120\DTS\Binn\;E:\hadoop-2.2.0_withWinutilsAndSnappy\hadoop\bin;E:\opencv\build\x64\vc12\bin;C:\Program Files (x86)\Skype\Phone\;E:\MATLAB\R2016a\polyspace\bin;E:\nodejs\;;E:\Microsoft VS Code\bin;C:\Users\Dani\AppData\Roaming\npm;C:\Program Files\MongoDB\Server\3.4\bin
10 verbose lifecycle 06@1.0.0~start: CWD: E:\Egyetem\Programrendszerek fejlesztése\ForumRPG\ForumRPG\src
11 silly lifecycle 06@1.0.0~start: Args: [ '/d /s /c', 'node server.js' ]
12 silly lifecycle 06@1.0.0~start: Returned: code: 1  signal: null
13 info lifecycle 06@1.0.0~start: Failed to exec start script
14 verbose stack Error: 06@1.0.0 start: `node server.js`
14 verbose stack Exit status 1
14 verbose stack     at EventEmitter.<anonymous> (E:\nodejs\node_modules\npm\lib\utils\lifecycle.js:255:16)
14 verbose stack     at emitTwo (events.js:106:13)
14 verbose stack     at EventEmitter.emit (events.js:191:7)
14 verbose stack     at ChildProcess.<anonymous> (E:\nodejs\node_modules\npm\lib\utils\spawn.js:40:14)
14 verbose stack     at emitTwo (events.js:106:13)
14 verbose stack     at ChildProcess.emit (events.js:191:7)
14 verbose stack     at maybeClose (internal/child_process.js:886:16)
14 verbose stack     at Process.ChildProcess._handle.onexit (internal/child_process.js:226:5)
15 verbose pkgid 06@1.0.0
16 verbose cwd E:\Egyetem\Programrendszerek fejlesztése\ForumRPG\ForumRPG\src
17 error Windows_NT 6.1.7601
18 error argv "E:\\nodejs\\node.exe" "E:\\nodejs\\node_modules\\npm\\bin\\npm-cli.js" "start"
19 error node v6.10.2
20 error npm  v3.10.10
21 error code ELIFECYCLE
22 error 06@1.0.0 start: `node server.js`
22 error Exit status 1
23 error Failed at the 06@1.0.0 start script 'node server.js'.
23 error Make sure you have the latest version of node.js and npm installed.
23 error If you do, this is most likely a problem with the 06 package,
23 error not with npm itself.
23 error Tell the author that this fails on your system:
23 error     node server.js
23 error You can get information on how to open an issue for this project with:
23 error     npm bugs 06
23 error Or if that isn't available, you can get their info via:
23 error     npm owner ls 06
23 error There is likely additional logging output above.
24 verbose exit [ 1, true ]
